--- sqes_v3_multiprocessing.py ---
Verbose: True
NPZ matrix saving: False
running start at 2024-05-20 08:33:39.982158
/var/www/html/dataqc/signal/2024-01-24 exists
/var/www/html/dataqc/PDFimage/2024-01-24 exists
/home/idripsensor/QCDATA/mseed/2024-01-24 exists
/home/idripsensor/QCDATA/PSD/2024 exists
client connected: True
query: SELECT kode_sensor,sistem_sensor FROM tb_slmon WHERE kode_sensor NOT IN (SELECT kode FROM (SELECT DISTINCT kode, COUNT(kode) AS ccode FROM tb_qcdetail WHERE tanggal='2024-01-24' GROUP BY kode) AS o WHERE o.ccode = 3)
[]
number of stations to be processed: 0
processes required: 4
Data 2024-01-24 already complete
Updating QC Data : 2024-01-24
query: SELECT DISTINCT kode FROM tb_qcdetail WHERE tanggal='2024-01-24' AND kode NOT IN (SELECT DISTINCT kode_res FROM tb_qcres WHERE tanggal_res='2024-01-24')
number of stations to be QC Analysis processed: 1
[('KABKI',)]
1. KABKI
number of qcdata available: 0
ready to fill database KABKI on 2024-01-24
<ALOPTAMA2023> KABKI QC FINISH
running end at 2024-05-20 08:33:53.086496
sqes_v3_multiprocessing.py Running Complete (0:00:13.104338)
